2023.08.31 11:01:20 WARN  Build server is not auto-connectable.
2023.08.31 11:01:20 WARN  no build tool detected in workspace 'C:\Users\t0285117\go\src\other-projects\Python-Programs-Concepts'. The most common cause for this problem is that the editor was opened in the wrong working directory, for example if you use sbt then the workspace directory should contain build.sbt. 
2023.08.31 11:01:44 INFO  [WARNING] Could not transfer metadata commons-codec:commons-codec/maven-metadata.xml from/to central (https://repo.maven.apache.org/maven2): transfer failed for https://repo.maven.apache.org/maven2/commons-codec/commons-codec/maven-metadata.xml
2023.08.31 11:01:44 INFO  [WARNING] Could not transfer metadata commons-codec:commons-codec/maven-metadata.xml from/to apache.snapshots (https://repository.apache.org/snapshots): transfer failed for https://repository.apache.org/snapshots/commons-codec/commons-codec/maven-metadata.xml
2023.08.31 11:01:44 INFO  [WARNING] Could not transfer metadata commons-codec:commons-codec/maven-metadata.xml from/to sonatype-nexus-snapshots (https://oss.sonatype.org/content/repositories/snapshots): transfer failed for https://oss.sonatype.org/content/repositories/snapshots/commons-codec/commons-codec/maven-metadata.xml
2023.08.31 11:01:44 INFO  Downloading from sonatype-nexus-snapshots: https://oss.sonatype.org/content/repositories/snapshots/commons-codec/commons-codec/1.16-SNAPSHOT/maven-metadata.xml
2023.08.31 11:01:44 INFO  Downloading from apache.snapshots: https://repository.apache.org/snapshots/commons-codec/commons-codec/1.16-SNAPSHOT/maven-metadata.xml
2023.08.31 11:02:26 INFO  [WARNING] Could not transfer metadata commons-codec:commons-codec:1.16-SNAPSHOT/maven-metadata.xml from/to apache.snapshots (https://repository.apache.org/snapshots): transfer failed for https://repository.apache.org/snapshots/commons-codec/commons-codec/1.16-SNAPSHOT/maven-metadata.xml
2023.08.31 11:02:26 INFO  [WARNING] Could not transfer metadata commons-codec:commons-codec:1.16-SNAPSHOT/maven-metadata.xml from/to sonatype-nexus-snapshots (https://oss.sonatype.org/content/repositories/snapshots): transfer failed for https://oss.sonatype.org/content/repositories/snapshots/commons-codec/commons-codec/1.16-SNAPSHOT/maven-metadata.xml
2023.08.31 11:02:26 INFO  [WARNING] commons-codec:commons-codec:1.16-SNAPSHOT/maven-metadata.xmlfailed to transfer from https://repository.apache.org/snapshots during a previous attempt. This failure was cached in the local repository and resolution will not be reattempted until the update interval of apache.snapshots has elapsed or updates are forced. Original error: Could not transfer metadata commons-codec:commons-codec:1.16-SNAPSHOT/maven-metadata.xml from/to apache.snapshots (https://repository.apache.org/snapshots): transfer failed for https://repository.apache.org/snapshots/commons-codec/commons-codec/1.16-SNAPSHOT/maven-metadata.xml
2023.08.31 11:02:26 INFO  [WARNING] commons-codec:commons-codec:1.16-SNAPSHOT/maven-metadata.xmlfailed to transfer from https://oss.sonatype.org/content/repositories/snapshots during a previous attempt. This failure was cached in the local repository and resolution will not be reattempted until the update interval of sonatype-nexus-snapshots has elapsed or updates are forced. Original error: Could not transfer metadata commons-codec:commons-codec:1.16-SNAPSHOT/maven-metadata.xml from/to sonatype-nexus-snapshots (https://oss.sonatype.org/content/repositories/snapshots): transfer failed for https://oss.sonatype.org/content/repositories/snapshots/commons-codec/commons-codec/1.16-SNAPSHOT/maven-metadata.xml
2023.08.31 11:02:26 INFO  Downloading from sonatype-nexus-snapshots: https://oss.sonatype.org/content/repositories/snapshots/commons-codec/commons-codec/1.16.1-SNAPSHOT/maven-metadata.xml
2023.08.31 11:02:26 INFO  Downloading from apache.snapshots: https://repository.apache.org/snapshots/commons-codec/commons-codec/1.16.1-SNAPSHOT/maven-metadata.xml
2023.08.31 11:02:42 INFO  user cancelled mvn bloopInstall
2023.08.31 11:02:42 INFO  time: ran 'mvn bloopInstall' in 1m43s
2023.08.31 11:05:26 INFO  compiling sparkprocessing (75 scala sources and 3 java sources)
2023.08.31 11:05:33 WARN  there were two deprecation warnings; re-run with -deprecation for details
2023.08.31 11:05:33 WARN  Unexpected javac output: warning: [options] bootstrap class path not set in conjunction with -source 8
warning: [options] source value 8 is obsolete and will be removed in a future release
warning: [options] target value 8 is obsolete and will be removed in a future release
warning: [options] To suppress warnings about obsolete options, use -Xlint:-options.
Exception in thread "main" java.lang.IllegalAccessError: class com.sourcegraph.semanticdb_javac.SemanticdbPlugin (in unnamed module @0x7f416310) cannot access class com.sun.tools.javac.api.BasicJavacTask (in module jdk.compiler) because module jdk.compiler does not export com.sun.tools.javac.api to unnamed module @0x7f416310
	at com.sourcegraph.semanticdb_javac.SemanticdbPlugin.init(SemanticdbPlugin.java:19)
	at jdk.compiler/com.sun.tools.javac.api.BasicJavacTask.initPlugin(BasicJavacTask.java:255)
	at jdk.compiler/com.sun.tools.javac.api.BasicJavacTask.initPlugins(BasicJavacTask.java:229)
	at jdk.compiler/com.sun.tools.javac.main.Main.compile(Main.java:292)
	at jdk.compiler/com.sun.tools.javac.main.Main.compile(Main.java:176)
	at jdk.compiler/com.sun.tools.javac.Main.compile(Main.java:64)
	at jdk.compiler/com.sun.tools.javac.Main.main(Main.java:50).
2023.08.31 11:05:33 WARN  javac exited with exit code 1
2023.08.31 11:05:33 INFO  time: compiled SparkProcessing in 7.19s
2023.08.31 11:05:36 INFO  compiling sparkprocessing (75 scala sources and 3 java sources)
2023.08.31 11:05:42 WARN  there were two deprecation warnings; re-run with -deprecation for details
2023.08.31 11:05:42 WARN  Unexpected javac output: warning: [options] bootstrap class path not set in conjunction with -source 8
warning: [options] source value 8 is obsolete and will be removed in a future release
warning: [options] target value 8 is obsolete and will be removed in a future release
warning: [options] To suppress warnings about obsolete options, use -Xlint:-options.
Exception in thread "main" java.lang.IllegalAccessError: class com.sourcegraph.semanticdb_javac.SemanticdbPlugin (in unnamed module @0x7f416310) cannot access class com.sun.tools.javac.api.BasicJavacTask (in module jdk.compiler) because module jdk.compiler does not export com.sun.tools.javac.api to unnamed module @0x7f416310
	at com.sourcegraph.semanticdb_javac.SemanticdbPlugin.init(SemanticdbPlugin.java:19)
	at jdk.compiler/com.sun.tools.javac.api.BasicJavacTask.initPlugin(BasicJavacTask.java:255)
	at jdk.compiler/com.sun.tools.javac.api.BasicJavacTask.initPlugins(BasicJavacTask.java:229)
	at jdk.compiler/com.sun.tools.javac.main.Main.compile(Main.java:292)
	at jdk.compiler/com.sun.tools.javac.main.Main.compile(Main.java:176)
	at jdk.compiler/com.sun.tools.javac.Main.compile(Main.java:64)
	at jdk.compiler/com.sun.tools.javac.Main.main(Main.java:50).
2023.08.31 11:05:42 WARN  javac exited with exit code 1
2023.08.31 11:05:42 INFO  time: compiled SparkProcessing in 6.55s
